{"C:\\sesuite\\NodeScripts\\static\\bin\\builder.js":{"path":"C:\\sesuite\\NodeScripts\\static\\bin\\builder.js","s":{"1":1,"2":1,"3":1,"4":1,"5":1,"6":1,"7":1,"8":1,"9":1,"10":1,"11":1,"12":1,"13":1,"14":1,"15":2,"16":3,"17":3,"18":3,"19":1,"20":2,"21":2,"22":2,"23":2,"24":2,"25":1,"26":2,"27":0,"28":0,"29":0,"30":0,"31":0,"32":0,"33":1,"34":1,"35":2,"36":1,"37":0,"38":1,"39":1,"40":1,"41":1,"42":0,"43":0,"44":0,"45":0,"46":0,"47":0,"48":0,"49":0,"50":0,"51":0,"52":0,"53":0,"54":0,"55":0,"56":0,"57":0,"58":0,"59":0,"60":0,"61":0,"62":0,"63":0,"64":0,"65":0,"66":0,"67":0,"68":0,"69":0,"70":0,"71":0,"72":0,"73":0,"74":0,"75":0,"76":0,"77":0,"78":0,"79":0,"80":0,"81":0,"82":0,"83":1,"84":1,"85":1,"86":1,"87":1,"88":1,"89":1,"90":1,"91":1,"92":1,"93":1,"94":1,"95":1,"96":1,"97":1,"98":3,"99":3,"100":3,"101":3,"102":1,"103":1,"104":2,"105":2,"106":2,"107":2,"108":2,"109":2,"110":1,"111":1,"112":1,"113":1,"114":1,"115":1,"116":1,"117":1,"118":1,"119":5,"120":2,"121":2,"122":2,"123":2,"124":1,"125":1,"126":1,"127":1,"128":1,"129":1,"130":5,"131":1,"132":2,"133":0,"134":0,"135":0,"136":0,"137":0,"138":0,"139":0,"140":0,"141":1},"b":{"1":[1,0],"2":[1,2],"3":[1,1],"4":[0,1],"5":[1,0],"6":[1,0],"7":[1,1],"8":[0,0],"9":[0,0],"10":[0,0],"11":[0,0],"12":[0,0],"13":[0,0],"14":[0,0],"15":[0,0],"16":[0,0],"17":[0,0],"18":[0,0],"19":[0,0],"20":[0,0],"21":[0,0],"22":[0,0],"23":[1,2],"24":[1,1],"25":[1,0],"26":[1,1],"27":[1,0]},"f":{"1":1,"2":0,"3":1,"4":1,"5":1,"6":1,"7":1,"8":2,"9":3,"10":3,"11":2,"12":2,"13":2,"14":0,"15":0,"16":0,"17":0,"18":1,"19":0,"20":0,"21":0,"22":0,"23":0,"24":1,"25":1,"26":1,"27":3,"28":3,"29":3,"30":2,"31":1,"32":1,"33":2,"34":2,"35":0,"36":0,"37":0},"fnMap":{"1":{"name":"Builder","line":8,"loc":{"start":{"line":8,"column":0},"end":{"line":8,"column":25}}},"2":{"name":"(anonymous_2)","line":33,"loc":{"start":{"line":33,"column":9},"end":{"line":33,"column":20}}},"3":{"name":"(anonymous_3)","line":40,"loc":{"start":{"line":40,"column":12},"end":{"line":40,"column":25}}},"4":{"name":"(anonymous_4)","line":44,"loc":{"start":{"line":44,"column":16},"end":{"line":44,"column":33}}},"5":{"name":"(anonymous_5)","line":48,"loc":{"start":{"line":48,"column":25},"end":{"line":48,"column":44}}},"6":{"name":"(anonymous_6)","line":52,"loc":{"start":{"line":52,"column":18},"end":{"line":52,"column":37}}},"7":{"name":"(anonymous_7)","line":60,"loc":{"start":{"line":60,"column":22},"end":{"line":60,"column":41}}},"8":{"name":"(anonymous_8)","line":65,"loc":{"start":{"line":65,"column":20},"end":{"line":65,"column":38}}},"9":{"name":"(anonymous_9)","line":73,"loc":{"start":{"line":73,"column":20},"end":{"line":73,"column":35}}},"10":{"name":"(anonymous_10)","line":76,"loc":{"start":{"line":76,"column":78},"end":{"line":76,"column":100}}},"11":{"name":"(anonymous_11)","line":87,"loc":{"start":{"line":87,"column":11},"end":{"line":87,"column":22}}},"12":{"name":"(anonymous_12)","line":90,"loc":{"start":{"line":90,"column":21},"end":{"line":90,"column":47}}},"13":{"name":"(anonymous_13)","line":92,"loc":{"start":{"line":92,"column":42},"end":{"line":92,"column":69}}},"14":{"name":"(anonymous_14)","line":102,"loc":{"start":{"line":102,"column":13},"end":{"line":102,"column":29}}},"15":{"name":"(anonymous_15)","line":105,"loc":{"start":{"line":105,"column":21},"end":{"line":105,"column":39}}},"16":{"name":"(anonymous_16)","line":107,"loc":{"start":{"line":107,"column":17},"end":{"line":107,"column":32}}},"17":{"name":"(anonymous_17)","line":111,"loc":{"start":{"line":111,"column":23},"end":{"line":111,"column":34}}},"18":{"name":"(anonymous_18)","line":117,"loc":{"start":{"line":117,"column":13},"end":{"line":117,"column":24}}},"19":{"name":"(anonymous_19)","line":137,"loc":{"start":{"line":137,"column":11},"end":{"line":137,"column":32}}},"20":{"name":"(anonymous_20)","line":140,"loc":{"start":{"line":140,"column":21},"end":{"line":140,"column":39}}},"21":{"name":"(anonymous_21)","line":142,"loc":{"start":{"line":142,"column":21},"end":{"line":142,"column":49}}},"22":{"name":"(anonymous_22)","line":151,"loc":{"start":{"line":151,"column":34},"end":{"line":151,"column":58}}},"23":{"name":"(anonymous_23)","line":207,"loc":{"start":{"line":207,"column":37},"end":{"line":207,"column":57}}},"24":{"name":"(anonymous_24)","line":222,"loc":{"start":{"line":222,"column":15},"end":{"line":222,"column":42}}},"25":{"name":"(anonymous_25)","line":242,"loc":{"start":{"line":242,"column":15},"end":{"line":242,"column":34}}},"26":{"name":"(anonymous_26)","line":253,"loc":{"start":{"line":253,"column":12},"end":{"line":253,"column":35}}},"27":{"name":"(anonymous_27)","line":257,"loc":{"start":{"line":257,"column":13},"end":{"line":257,"column":24}}},"28":{"name":"(anonymous_28)","line":260,"loc":{"start":{"line":260,"column":21},"end":{"line":260,"column":47}}},"29":{"name":"(anonymous_29)","line":261,"loc":{"start":{"line":261,"column":92},"end":{"line":261,"column":116}}},"30":{"name":"(anonymous_30)","line":279,"loc":{"start":{"line":279,"column":70},"end":{"line":279,"column":91}}},"31":{"name":"(anonymous_31)","line":291,"loc":{"start":{"line":291,"column":17},"end":{"line":291,"column":28}}},"32":{"name":"(anonymous_32)","line":297,"loc":{"start":{"line":297,"column":29},"end":{"line":297,"column":42}}},"33":{"name":"(anonymous_33)","line":307,"loc":{"start":{"line":307,"column":14},"end":{"line":307,"column":30}}},"34":{"name":"(anonymous_34)","line":310,"loc":{"start":{"line":310,"column":37},"end":{"line":310,"column":50}}},"35":{"name":"(anonymous_35)","line":333,"loc":{"start":{"line":333,"column":10},"end":{"line":333,"column":21}}},"36":{"name":"(anonymous_36)","line":346,"loc":{"start":{"line":346,"column":9},"end":{"line":346,"column":20}}},"37":{"name":"(anonymous_37)","line":347,"loc":{"start":{"line":347,"column":42},"end":{"line":347,"column":59}}}},"statementMap":{"1":{"start":{"line":1,"column":0},"end":{"line":6,"column":29}},"2":{"start":{"line":8,"column":0},"end":{"line":19,"column":1}},"3":{"start":{"line":9,"column":1},"end":{"line":9,"column":28}},"4":{"start":{"line":11,"column":1},"end":{"line":14,"column":3}},"5":{"start":{"line":16,"column":1},"end":{"line":16,"column":35}},"6":{"start":{"line":18,"column":1},"end":{"line":18,"column":19}},"7":{"start":{"line":21,"column":0},"end":{"line":356,"column":2}},"8":{"start":{"line":41,"column":2},"end":{"line":41,"column":19}},"9":{"start":{"line":45,"column":2},"end":{"line":45,"column":27}},"10":{"start":{"line":49,"column":2},"end":{"line":49,"column":38}},"11":{"start":{"line":53,"column":2},"end":{"line":53,"column":31}},"12":{"start":{"line":61,"column":2},"end":{"line":61,"column":60}},"13":{"start":{"line":63,"column":2},"end":{"line":63,"column":33}},"14":{"start":{"line":65,"column":2},"end":{"line":67,"column":5}},"15":{"start":{"line":66,"column":3},"end":{"line":66,"column":33}},"16":{"start":{"line":74,"column":2},"end":{"line":74,"column":16}},"17":{"start":{"line":76,"column":2},"end":{"line":81,"column":5}},"18":{"start":{"line":77,"column":3},"end":{"line":78,"column":16}},"19":{"start":{"line":78,"column":4},"end":{"line":78,"column":16}},"20":{"start":{"line":80,"column":3},"end":{"line":80,"column":50}},"21":{"start":{"line":88,"column":2},"end":{"line":88,"column":16}},"22":{"start":{"line":90,"column":2},"end":{"line":99,"column":5}},"23":{"start":{"line":92,"column":3},"end":{"line":97,"column":6}},"24":{"start":{"line":93,"column":4},"end":{"line":94,"column":23}},"25":{"start":{"line":94,"column":5},"end":{"line":94,"column":23}},"26":{"start":{"line":96,"column":4},"end":{"line":96,"column":19}},"27":{"start":{"line":103,"column":2},"end":{"line":103,"column":24}},"28":{"start":{"line":105,"column":2},"end":{"line":114,"column":5}},"29":{"start":{"line":107,"column":3},"end":{"line":109,"column":6}},"30":{"start":{"line":108,"column":4},"end":{"line":108,"column":69}},"31":{"start":{"line":111,"column":3},"end":{"line":113,"column":6}},"32":{"start":{"line":112,"column":4},"end":{"line":112,"column":14}},"33":{"start":{"line":118,"column":2},"end":{"line":118,"column":22}},"34":{"start":{"line":120,"column":2},"end":{"line":121,"column":59}},"35":{"start":{"line":121,"column":3},"end":{"line":121,"column":59}},"36":{"start":{"line":124,"column":2},"end":{"line":127,"column":70}},"37":{"start":{"line":125,"column":3},"end":{"line":125,"column":69}},"38":{"start":{"line":126,"column":7},"end":{"line":127,"column":70}},"39":{"start":{"line":127,"column":3},"end":{"line":127,"column":70}},"40":{"start":{"line":130,"column":2},"end":{"line":130,"column":25}},"41":{"start":{"line":131,"column":2},"end":{"line":131,"column":24}},"42":{"start":{"line":138,"column":2},"end":{"line":138,"column":93}},"43":{"start":{"line":140,"column":2},"end":{"line":216,"column":5}},"44":{"start":{"line":142,"column":3},"end":{"line":215,"column":6}},"45":{"start":{"line":144,"column":4},"end":{"line":145,"column":17}},"46":{"start":{"line":145,"column":5},"end":{"line":145,"column":17}},"47":{"start":{"line":147,"column":4},"end":{"line":148,"column":22}},"48":{"start":{"line":148,"column":5},"end":{"line":148,"column":22}},"49":{"start":{"line":151,"column":4},"end":{"line":213,"column":7}},"50":{"start":{"line":153,"column":5},"end":{"line":154,"column":20}},"51":{"start":{"line":154,"column":6},"end":{"line":154,"column":20}},"52":{"start":{"line":157,"column":5},"end":{"line":157,"column":47}},"53":{"start":{"line":158,"column":5},"end":{"line":158,"column":36}},"54":{"start":{"line":159,"column":5},"end":{"line":159,"column":63}},"55":{"start":{"line":160,"column":5},"end":{"line":160,"column":31}},"56":{"start":{"line":162,"column":5},"end":{"line":162,"column":58}},"57":{"start":{"line":164,"column":5},"end":{"line":164,"column":98}},"58":{"start":{"line":165,"column":5},"end":{"line":165,"column":51}},"59":{"start":{"line":166,"column":5},"end":{"line":166,"column":49}},"60":{"start":{"line":167,"column":5},"end":{"line":167,"column":72}},"61":{"start":{"line":169,"column":5},"end":{"line":169,"column":68}},"62":{"start":{"line":171,"column":5},"end":{"line":171,"column":51}},"63":{"start":{"line":172,"column":5},"end":{"line":172,"column":110}},"64":{"start":{"line":173,"column":5},"end":{"line":173,"column":70}},"65":{"start":{"line":175,"column":5},"end":{"line":175,"column":56}},"66":{"start":{"line":178,"column":5},"end":{"line":179,"column":27}},"67":{"start":{"line":179,"column":6},"end":{"line":179,"column":27}},"68":{"start":{"line":181,"column":5},"end":{"line":181,"column":100}},"69":{"start":{"line":183,"column":5},"end":{"line":186,"column":47}},"70":{"start":{"line":184,"column":6},"end":{"line":184,"column":56}},"71":{"start":{"line":186,"column":6},"end":{"line":186,"column":47}},"72":{"start":{"line":188,"column":5},"end":{"line":188,"column":102}},"73":{"start":{"line":191,"column":5},"end":{"line":192,"column":73}},"74":{"start":{"line":192,"column":6},"end":{"line":192,"column":73}},"75":{"start":{"line":195,"column":5},"end":{"line":195,"column":93}},"76":{"start":{"line":198,"column":5},"end":{"line":199,"column":32}},"77":{"start":{"line":199,"column":6},"end":{"line":199,"column":32}},"78":{"start":{"line":201,"column":5},"end":{"line":205,"column":9}},"79":{"start":{"line":207,"column":5},"end":{"line":210,"column":8}},"80":{"start":{"line":208,"column":6},"end":{"line":209,"column":24}},"81":{"start":{"line":209,"column":7},"end":{"line":209,"column":24}},"82":{"start":{"line":212,"column":5},"end":{"line":212,"column":15}},"83":{"start":{"line":223,"column":2},"end":{"line":223,"column":43}},"84":{"start":{"line":225,"column":2},"end":{"line":225,"column":76}},"85":{"start":{"line":226,"column":2},"end":{"line":226,"column":84}},"86":{"start":{"line":227,"column":2},"end":{"line":227,"column":77}},"87":{"start":{"line":228,"column":2},"end":{"line":228,"column":55}},"88":{"start":{"line":230,"column":2},"end":{"line":230,"column":59}},"89":{"start":{"line":232,"column":2},"end":{"line":232,"column":70}},"90":{"start":{"line":234,"column":2},"end":{"line":234,"column":36}},"91":{"start":{"line":236,"column":2},"end":{"line":236,"column":21}},"92":{"start":{"line":243,"column":2},"end":{"line":243,"column":43}},"93":{"start":{"line":245,"column":2},"end":{"line":245,"column":56}},"94":{"start":{"line":246,"column":2},"end":{"line":246,"column":70}},"95":{"start":{"line":248,"column":2},"end":{"line":248,"column":36}},"96":{"start":{"line":250,"column":2},"end":{"line":250,"column":21}},"97":{"start":{"line":254,"column":2},"end":{"line":254,"column":49}},"98":{"start":{"line":258,"column":2},"end":{"line":258,"column":16}},"99":{"start":{"line":260,"column":2},"end":{"line":288,"column":5}},"100":{"start":{"line":261,"column":3},"end":{"line":287,"column":6}},"101":{"start":{"line":263,"column":4},"end":{"line":266,"column":5}},"102":{"start":{"line":264,"column":5},"end":{"line":264,"column":21}},"103":{"start":{"line":265,"column":5},"end":{"line":265,"column":12}},"104":{"start":{"line":268,"column":4},"end":{"line":268,"column":52}},"105":{"start":{"line":269,"column":4},"end":{"line":269,"column":28}},"106":{"start":{"line":271,"column":4},"end":{"line":275,"column":8}},"107":{"start":{"line":277,"column":4},"end":{"line":277,"column":50}},"108":{"start":{"line":279,"column":4},"end":{"line":286,"column":7}},"109":{"start":{"line":280,"column":5},"end":{"line":283,"column":6}},"110":{"start":{"line":281,"column":6},"end":{"line":281,"column":25}},"111":{"start":{"line":282,"column":6},"end":{"line":282,"column":19}},"112":{"start":{"line":285,"column":5},"end":{"line":285,"column":15}},"113":{"start":{"line":292,"column":2},"end":{"line":293,"column":8}},"114":{"start":{"line":295,"column":2},"end":{"line":295,"column":51}},"115":{"start":{"line":297,"column":2},"end":{"line":304,"column":5}},"116":{"start":{"line":298,"column":3},"end":{"line":298,"column":38}},"117":{"start":{"line":299,"column":3},"end":{"line":299,"column":46}},"118":{"start":{"line":301,"column":3},"end":{"line":303,"column":4}},"119":{"start":{"line":302,"column":4},"end":{"line":302,"column":133}},"120":{"start":{"line":308,"column":2},"end":{"line":308,"column":36}},"121":{"start":{"line":310,"column":2},"end":{"line":312,"column":5}},"122":{"start":{"line":311,"column":3},"end":{"line":311,"column":29}},"123":{"start":{"line":314,"column":2},"end":{"line":328,"column":3}},"124":{"start":{"line":315,"column":3},"end":{"line":315,"column":37}},"125":{"start":{"line":317,"column":3},"end":{"line":317,"column":17}},"126":{"start":{"line":318,"column":3},"end":{"line":318,"column":24}},"127":{"start":{"line":319,"column":3},"end":{"line":319,"column":47}},"128":{"start":{"line":321,"column":3},"end":{"line":321,"column":44}},"129":{"start":{"line":323,"column":3},"end":{"line":324,"column":137}},"130":{"start":{"line":324,"column":4},"end":{"line":324,"column":137}},"131":{"start":{"line":327,"column":3},"end":{"line":327,"column":22}},"132":{"start":{"line":330,"column":2},"end":{"line":330,"column":16}},"133":{"start":{"line":334,"column":2},"end":{"line":334,"column":16}},"134":{"start":{"line":336,"column":2},"end":{"line":336,"column":21}},"135":{"start":{"line":337,"column":2},"end":{"line":337,"column":18}},"136":{"start":{"line":339,"column":2},"end":{"line":339,"column":41}},"137":{"start":{"line":341,"column":2},"end":{"line":341,"column":50}},"138":{"start":{"line":343,"column":2},"end":{"line":354,"column":23}},"139":{"start":{"line":347,"column":4},"end":{"line":352,"column":7}},"140":{"start":{"line":348,"column":5},"end":{"line":351,"column":7}},"141":{"start":{"line":358,"column":0},"end":{"line":358,"column":25}}},"branchMap":{"1":{"line":9,"type":"binary-expr","locations":[{"start":{"line":9,"column":15},"end":{"line":9,"column":21}},{"start":{"line":9,"column":25},"end":{"line":9,"column":27}}]},"2":{"line":77,"type":"if","locations":[{"start":{"line":77,"column":3},"end":{"line":77,"column":3}},{"start":{"line":77,"column":3},"end":{"line":77,"column":3}}]},"3":{"line":93,"type":"if","locations":[{"start":{"line":93,"column":4},"end":{"line":93,"column":4}},{"start":{"line":93,"column":4},"end":{"line":93,"column":4}}]},"4":{"line":124,"type":"if","locations":[{"start":{"line":124,"column":2},"end":{"line":124,"column":2}},{"start":{"line":124,"column":2},"end":{"line":124,"column":2}}]},"5":{"line":124,"type":"binary-expr","locations":[{"start":{"line":124,"column":6},"end":{"line":124,"column":29}},{"start":{"line":124,"column":33},"end":{"line":124,"column":47}}]},"6":{"line":126,"type":"if","locations":[{"start":{"line":126,"column":7},"end":{"line":126,"column":7}},{"start":{"line":126,"column":7},"end":{"line":126,"column":7}}]},"7":{"line":126,"type":"binary-expr","locations":[{"start":{"line":126,"column":11},"end":{"line":126,"column":25}},{"start":{"line":126,"column":29},"end":{"line":126,"column":44}}]},"8":{"line":144,"type":"if","locations":[{"start":{"line":144,"column":4},"end":{"line":144,"column":4}},{"start":{"line":144,"column":4},"end":{"line":144,"column":4}}]},"9":{"line":147,"type":"if","locations":[{"start":{"line":147,"column":4},"end":{"line":147,"column":4}},{"start":{"line":147,"column":4},"end":{"line":147,"column":4}}]},"10":{"line":153,"type":"if","locations":[{"start":{"line":153,"column":5},"end":{"line":153,"column":5}},{"start":{"line":153,"column":5},"end":{"line":153,"column":5}}]},"11":{"line":159,"type":"binary-expr","locations":[{"start":{"line":159,"column":17},"end":{"line":159,"column":43}},{"start":{"line":159,"column":47},"end":{"line":159,"column":62}}]},"12":{"line":162,"type":"cond-expr","locations":[{"start":{"line":162,"column":35},"end":{"line":162,"column":40}},{"start":{"line":162,"column":43},"end":{"line":162,"column":57}}]},"13":{"line":164,"type":"cond-expr","locations":[{"start":{"line":164,"column":35},"end":{"line":164,"column":86}},{"start":{"line":164,"column":89},"end":{"line":164,"column":97}}]},"14":{"line":172,"type":"cond-expr","locations":[{"start":{"line":172,"column":40},"end":{"line":172,"column":71}},{"start":{"line":172,"column":74},"end":{"line":172,"column":109}}]},"15":{"line":178,"type":"if","locations":[{"start":{"line":178,"column":5},"end":{"line":178,"column":5}},{"start":{"line":178,"column":5},"end":{"line":178,"column":5}}]},"16":{"line":183,"type":"if","locations":[{"start":{"line":183,"column":5},"end":{"line":183,"column":5}},{"start":{"line":183,"column":5},"end":{"line":183,"column":5}}]},"17":{"line":191,"type":"if","locations":[{"start":{"line":191,"column":5},"end":{"line":191,"column":5}},{"start":{"line":191,"column":5},"end":{"line":191,"column":5}}]},"18":{"line":195,"type":"cond-expr","locations":[{"start":{"line":195,"column":50},"end":{"line":195,"column":57}},{"start":{"line":195,"column":60},"end":{"line":195,"column":62}}]},"19":{"line":198,"type":"if","locations":[{"start":{"line":198,"column":5},"end":{"line":198,"column":5}},{"start":{"line":198,"column":5},"end":{"line":198,"column":5}}]},"20":{"line":198,"type":"binary-expr","locations":[{"start":{"line":198,"column":9},"end":{"line":198,"column":16}},{"start":{"line":198,"column":20},"end":{"line":198,"column":28}}]},"21":{"line":201,"type":"cond-expr","locations":[{"start":{"line":201,"column":26},"end":{"line":201,"column":43}},{"start":{"line":201,"column":46},"end":{"line":201,"column":75}}]},"22":{"line":208,"type":"if","locations":[{"start":{"line":208,"column":6},"end":{"line":208,"column":6}},{"start":{"line":208,"column":6},"end":{"line":208,"column":6}}]},"23":{"line":263,"type":"if","locations":[{"start":{"line":263,"column":4},"end":{"line":263,"column":4}},{"start":{"line":263,"column":4},"end":{"line":263,"column":4}}]},"24":{"line":280,"type":"if","locations":[{"start":{"line":280,"column":5},"end":{"line":280,"column":5}},{"start":{"line":280,"column":5},"end":{"line":280,"column":5}}]},"25":{"line":295,"type":"binary-expr","locations":[{"start":{"line":295,"column":23},"end":{"line":295,"column":44}},{"start":{"line":295,"column":48},"end":{"line":295,"column":50}}]},"26":{"line":314,"type":"if","locations":[{"start":{"line":314,"column":2},"end":{"line":314,"column":2}},{"start":{"line":314,"column":2},"end":{"line":314,"column":2}}]},"27":{"line":319,"type":"binary-expr","locations":[{"start":{"line":319,"column":18},"end":{"line":319,"column":37}},{"start":{"line":319,"column":41},"end":{"line":319,"column":46}}]}}},"C:\\sesuite\\NodeScripts\\static\\bin\\utils.js":{"path":"C:\\sesuite\\NodeScripts\\static\\bin\\utils.js","s":{"1":1,"2":1,"3":2,"4":2,"5":2,"6":1,"7":1,"8":1,"9":1,"10":1,"11":1,"12":1,"13":0,"14":1,"15":3,"16":3,"17":3,"18":0,"19":3,"20":1,"21":3,"22":3,"23":10,"24":10,"25":10,"26":2,"27":1,"28":5,"29":5,"30":7,"31":5,"32":1,"33":5,"34":7,"35":1,"36":6,"37":5,"38":1,"39":1,"40":1,"41":1,"42":1,"43":0,"44":1,"45":0,"46":1,"47":1,"48":1,"49":2,"50":2,"51":1,"52":1,"53":1,"54":0,"55":2,"56":1},"b":{"1":[1,1],"2":[0,1],"3":[0,3],"4":[2,8],"5":[12,0],"6":[1,6],"7":[7,1],"8":[0,1],"9":[0,1],"10":[2,0],"11":[1,0]},"f":{"1":2,"2":2,"3":2,"4":1,"5":1,"6":3,"7":3,"8":3,"9":10,"10":5,"11":5,"12":1,"13":2,"14":1},"fnMap":{"1":{"name":"(anonymous_1)","line":12,"loc":{"start":{"line":12,"column":24},"end":{"line":12,"column":45}}},"2":{"name":"(anonymous_2)","line":13,"loc":{"start":{"line":13,"column":20},"end":{"line":13,"column":46}}},"3":{"name":"(anonymous_3)","line":14,"loc":{"start":{"line":14,"column":17},"end":{"line":14,"column":33}}},"4":{"name":"(anonymous_4)","line":28,"loc":{"start":{"line":28,"column":27},"end":{"line":28,"column":57}}},"5":{"name":"(anonymous_5)","line":31,"loc":{"start":{"line":31,"column":21},"end":{"line":31,"column":47}}},"6":{"name":"(anonymous_6)","line":36,"loc":{"start":{"line":36,"column":16},"end":{"line":36,"column":31}}},"7":{"name":"(anonymous_7)","line":40,"loc":{"start":{"line":40,"column":33},"end":{"line":40,"column":56}}},"8":{"name":"(anonymous_8)","line":55,"loc":{"start":{"line":55,"column":26},"end":{"line":55,"column":44}}},"9":{"name":"(anonymous_9)","line":59,"loc":{"start":{"line":59,"column":15},"end":{"line":59,"column":26}}},"10":{"name":"(anonymous_10)","line":75,"loc":{"start":{"line":75,"column":22},"end":{"line":75,"column":42}}},"11":{"name":"extend","line":83,"loc":{"start":{"line":83,"column":0},"end":{"line":83,"column":41}}},"12":{"name":"(anonymous_12)","line":98,"loc":{"start":{"line":98,"column":21},"end":{"line":98,"column":36}}},"13":{"name":"deleteFolderRecursive","line":121,"loc":{"start":{"line":121,"column":0},"end":{"line":121,"column":37}}},"14":{"name":"(anonymous_14)","line":124,"loc":{"start":{"line":124,"column":31},"end":{"line":124,"column":53}}}},"statementMap":{"1":{"start":{"line":1,"column":0},"end":{"line":4,"column":24}},"2":{"start":{"line":12,"column":0},"end":{"line":23,"column":2}},"3":{"start":{"line":13,"column":1},"end":{"line":22,"column":4}},"4":{"start":{"line":14,"column":2},"end":{"line":21,"column":5}},"5":{"start":{"line":15,"column":3},"end":{"line":18,"column":4}},"6":{"start":{"line":16,"column":4},"end":{"line":16,"column":18}},"7":{"start":{"line":17,"column":4},"end":{"line":17,"column":17}},"8":{"start":{"line":20,"column":3},"end":{"line":20,"column":17}},"9":{"start":{"line":28,"column":0},"end":{"line":50,"column":2}},"10":{"start":{"line":29,"column":1},"end":{"line":29,"column":14}},"11":{"start":{"line":31,"column":1},"end":{"line":49,"column":4}},"12":{"start":{"line":33,"column":2},"end":{"line":34,"column":15}},"13":{"start":{"line":34,"column":3},"end":{"line":34,"column":15}},"14":{"start":{"line":36,"column":2},"end":{"line":47,"column":5}},"15":{"start":{"line":38,"column":3},"end":{"line":38,"column":39}},"16":{"start":{"line":40,"column":3},"end":{"line":45,"column":6}},"17":{"start":{"line":41,"column":4},"end":{"line":42,"column":19}},"18":{"start":{"line":42,"column":5},"end":{"line":42,"column":19}},"19":{"start":{"line":44,"column":4},"end":{"line":44,"column":75}},"20":{"start":{"line":55,"column":0},"end":{"line":70,"column":2}},"21":{"start":{"line":57,"column":1},"end":{"line":57,"column":59}},"22":{"start":{"line":59,"column":1},"end":{"line":68,"column":4}},"23":{"start":{"line":61,"column":2},"end":{"line":61,"column":34}},"24":{"start":{"line":62,"column":2},"end":{"line":62,"column":34}},"25":{"start":{"line":64,"column":2},"end":{"line":66,"column":3}},"26":{"start":{"line":65,"column":3},"end":{"line":65,"column":27}},"27":{"start":{"line":75,"column":0},"end":{"line":81,"column":2}},"28":{"start":{"line":76,"column":1},"end":{"line":76,"column":21}},"29":{"start":{"line":77,"column":1},"end":{"line":78,"column":14}},"30":{"start":{"line":78,"column":2},"end":{"line":78,"column":14}},"31":{"start":{"line":80,"column":1},"end":{"line":80,"column":10}},"32":{"start":{"line":83,"column":0},"end":{"line":94,"column":1}},"33":{"start":{"line":85,"column":1},"end":{"line":91,"column":2}},"34":{"start":{"line":86,"column":2},"end":{"line":90,"column":39}},"35":{"start":{"line":88,"column":3},"end":{"line":88,"column":64}},"36":{"start":{"line":90,"column":3},"end":{"line":90,"column":39}},"37":{"start":{"line":93,"column":1},"end":{"line":93,"column":18}},"38":{"start":{"line":96,"column":0},"end":{"line":96,"column":24}},"39":{"start":{"line":98,"column":0},"end":{"line":119,"column":1}},"40":{"start":{"line":99,"column":1},"end":{"line":104,"column":3}},"41":{"start":{"line":106,"column":1},"end":{"line":109,"column":40}},"42":{"start":{"line":111,"column":1},"end":{"line":116,"column":26}},"43":{"start":{"line":112,"column":2},"end":{"line":112,"column":26}},"44":{"start":{"line":113,"column":6},"end":{"line":116,"column":26}},"45":{"start":{"line":114,"column":2},"end":{"line":114,"column":26}},"46":{"start":{"line":116,"column":2},"end":{"line":116,"column":26}},"47":{"start":{"line":118,"column":1},"end":{"line":118,"column":64}},"48":{"start":{"line":121,"column":0},"end":{"line":135,"column":1}},"49":{"start":{"line":122,"column":1},"end":{"line":134,"column":2}},"50":{"start":{"line":124,"column":2},"end":{"line":131,"column":5}},"51":{"start":{"line":125,"column":3},"end":{"line":125,"column":35}},"52":{"start":{"line":127,"column":3},"end":{"line":130,"column":27}},"53":{"start":{"line":128,"column":4},"end":{"line":128,"column":35}},"54":{"start":{"line":130,"column":4},"end":{"line":130,"column":27}},"55":{"start":{"line":133,"column":2},"end":{"line":133,"column":21}},"56":{"start":{"line":137,"column":0},"end":{"line":137,"column":54}}},"branchMap":{"1":{"line":15,"type":"if","locations":[{"start":{"line":15,"column":3},"end":{"line":15,"column":3}},{"start":{"line":15,"column":3},"end":{"line":15,"column":3}}]},"2":{"line":33,"type":"if","locations":[{"start":{"line":33,"column":2},"end":{"line":33,"column":2}},{"start":{"line":33,"column":2},"end":{"line":33,"column":2}}]},"3":{"line":41,"type":"if","locations":[{"start":{"line":41,"column":4},"end":{"line":41,"column":4}},{"start":{"line":41,"column":4},"end":{"line":41,"column":4}}]},"4":{"line":64,"type":"if","locations":[{"start":{"line":64,"column":2},"end":{"line":64,"column":2}},{"start":{"line":64,"column":2},"end":{"line":64,"column":2}}]},"5":{"line":77,"type":"binary-expr","locations":[{"start":{"line":77,"column":20},"end":{"line":77,"column":24}},{"start":{"line":77,"column":28},"end":{"line":77,"column":29}}]},"6":{"line":86,"type":"if","locations":[{"start":{"line":86,"column":2},"end":{"line":86,"column":2}},{"start":{"line":86,"column":2},"end":{"line":86,"column":2}}]},"7":{"line":86,"type":"binary-expr","locations":[{"start":{"line":86,"column":6},"end":{"line":86,"column":74}},{"start":{"line":87,"column":6},"end":{"line":87,"column":37}}]},"8":{"line":111,"type":"if","locations":[{"start":{"line":111,"column":1},"end":{"line":111,"column":1}},{"start":{"line":111,"column":1},"end":{"line":111,"column":1}}]},"9":{"line":113,"type":"if","locations":[{"start":{"line":113,"column":6},"end":{"line":113,"column":6}},{"start":{"line":113,"column":6},"end":{"line":113,"column":6}}]},"10":{"line":122,"type":"if","locations":[{"start":{"line":122,"column":1},"end":{"line":122,"column":1}},{"start":{"line":122,"column":1},"end":{"line":122,"column":1}}]},"11":{"line":127,"type":"if","locations":[{"start":{"line":127,"column":3},"end":{"line":127,"column":3}},{"start":{"line":127,"column":3},"end":{"line":127,"column":3}}]}}},"C:\\sesuite\\NodeScripts\\static\\bin\\creator.js":{"path":"C:\\sesuite\\NodeScripts\\static\\bin\\creator.js","s":{"1":1,"2":1,"3":3,"4":3,"5":1,"6":3,"7":1,"8":1,"9":0,"10":1,"11":2,"12":1,"13":1,"14":0,"15":1},"b":{"1":[3,0],"2":[0,1],"3":[0,1]},"f":{"1":3,"2":3,"3":1,"4":2,"5":1},"fnMap":{"1":{"name":"Creator","line":4,"loc":{"start":{"line":4,"column":0},"end":{"line":4,"column":27}}},"2":{"name":"(anonymous_2)","line":18,"loc":{"start":{"line":18,"column":11},"end":{"line":18,"column":14}}},"3":{"name":"(anonymous_3)","line":25,"loc":{"start":{"line":25,"column":9},"end":{"line":25,"column":37}}},"4":{"name":"(anonymous_4)","line":31,"loc":{"start":{"line":31,"column":20},"end":{"line":31,"column":38}}},"5":{"name":"(anonymous_5)","line":35,"loc":{"start":{"line":35,"column":29},"end":{"line":35,"column":40}}}},"statementMap":{"1":{"start":{"line":1,"column":0},"end":{"line":2,"column":26}},"2":{"start":{"line":4,"column":0},"end":{"line":11,"column":1}},"3":{"start":{"line":5,"column":1},"end":{"line":5,"column":28}},"4":{"start":{"line":7,"column":1},"end":{"line":10,"column":3}},"5":{"start":{"line":13,"column":0},"end":{"line":40,"column":2}},"6":{"start":{"line":19,"column":2},"end":{"line":19,"column":36}},"7":{"start":{"line":26,"column":2},"end":{"line":26,"column":31}},"8":{"start":{"line":28,"column":2},"end":{"line":29,"column":52}},"9":{"start":{"line":29,"column":3},"end":{"line":29,"column":52}},"10":{"start":{"line":31,"column":2},"end":{"line":33,"column":5}},"11":{"start":{"line":32,"column":3},"end":{"line":32,"column":95}},"12":{"start":{"line":35,"column":2},"end":{"line":38,"column":5}},"13":{"start":{"line":36,"column":3},"end":{"line":37,"column":57}},"14":{"start":{"line":37,"column":4},"end":{"line":37,"column":57}},"15":{"start":{"line":42,"column":0},"end":{"line":42,"column":25}}},"branchMap":{"1":{"line":5,"type":"binary-expr","locations":[{"start":{"line":5,"column":15},"end":{"line":5,"column":21}},{"start":{"line":5,"column":25},"end":{"line":5,"column":27}}]},"2":{"line":28,"type":"if","locations":[{"start":{"line":28,"column":2},"end":{"line":28,"column":2}},{"start":{"line":28,"column":2},"end":{"line":28,"column":2}}]},"3":{"line":36,"type":"if","locations":[{"start":{"line":36,"column":3},"end":{"line":36,"column":3}},{"start":{"line":36,"column":3},"end":{"line":36,"column":3}}]}}}}