{"/home/renie/PicanhaLabs/PicanhaJS/bin/builder.js":{"path":"/home/renie/PicanhaLabs/PicanhaJS/bin/builder.js","s":{"1":1,"2":1,"3":1,"4":1,"5":1,"6":0,"7":1,"8":1,"9":0,"10":1,"11":1,"12":1,"13":2,"14":2,"15":2,"16":0,"17":2,"18":1,"19":1,"20":1,"21":1,"22":0,"23":1,"24":0,"25":0,"26":0,"27":0,"28":0,"29":0,"30":0,"31":0,"32":0,"33":0,"34":0,"35":0,"36":0,"37":0,"38":0,"39":0,"40":0,"41":0,"42":0,"43":0,"44":0,"45":0,"46":0,"47":0,"48":0,"49":0,"50":0,"51":0,"52":0,"53":0,"54":0,"55":0,"56":0,"57":0,"58":0,"59":0,"60":0,"61":0,"62":0,"63":0,"64":0,"65":0,"66":0,"67":0,"68":0,"69":0,"70":0,"71":0,"72":0,"73":0,"74":0,"75":0,"76":0,"77":0,"78":0,"79":0,"80":0,"81":0,"82":0,"83":0,"84":0,"85":0,"86":0,"87":0,"88":0,"89":0,"90":0,"91":0,"92":0,"93":0,"94":0,"95":0,"96":0,"97":0,"98":0,"99":0,"100":0,"101":0,"102":0,"103":0,"104":0,"105":0,"106":0,"107":0,"108":0,"109":0,"110":0,"111":0,"112":0,"113":0,"114":0,"115":0,"116":0,"117":0,"118":0,"119":0,"120":0,"121":1},"b":{"1":[1,0],"2":[0,2],"3":[0,1],"4":[0,0],"5":[0,0],"6":[0,0],"7":[0,0],"8":[0,0],"9":[0,0],"10":[0,0],"11":[0,0],"12":[0,0],"13":[0,0],"14":[0,0],"15":[0,0],"16":[0,0],"17":[0,0],"18":[0,0],"19":[0,0],"20":[0,0],"21":[0,0],"22":[0,0]},"f":{"1":1,"2":0,"3":0,"4":1,"5":1,"6":0,"7":1,"8":2,"9":2,"10":2,"11":1,"12":1,"13":1,"14":0,"15":0,"16":0,"17":0,"18":0,"19":0,"20":0,"21":0,"22":0,"23":0,"24":0,"25":0,"26":0,"27":0,"28":0,"29":0,"30":0,"31":0,"32":0,"33":0,"34":0,"35":0,"36":0},"fnMap":{"1":{"name":"Builder","line":8,"loc":{"start":{"line":8,"column":0},"end":{"line":8,"column":25}}},"2":{"name":"(anonymous_2)","line":29,"loc":{"start":{"line":29,"column":9},"end":{"line":29,"column":20}}},"3":{"name":"(anonymous_3)","line":36,"loc":{"start":{"line":36,"column":12},"end":{"line":36,"column":25}}},"4":{"name":"(anonymous_4)","line":40,"loc":{"start":{"line":40,"column":16},"end":{"line":40,"column":33}}},"5":{"name":"(anonymous_5)","line":44,"loc":{"start":{"line":44,"column":25},"end":{"line":44,"column":44}}},"6":{"name":"(anonymous_6)","line":48,"loc":{"start":{"line":48,"column":18},"end":{"line":48,"column":37}}},"7":{"name":"(anonymous_7)","line":56,"loc":{"start":{"line":56,"column":22},"end":{"line":56,"column":41}}},"8":{"name":"(anonymous_8)","line":61,"loc":{"start":{"line":61,"column":20},"end":{"line":61,"column":38}}},"9":{"name":"(anonymous_9)","line":62,"loc":{"start":{"line":62,"column":4},"end":{"line":62,"column":19}}},"10":{"name":"(anonymous_10)","line":63,"loc":{"start":{"line":63,"column":80},"end":{"line":63,"column":102}}},"11":{"name":"(anonymous_11)","line":76,"loc":{"start":{"line":76,"column":11},"end":{"line":76,"column":22}}},"12":{"name":"(anonymous_12)","line":79,"loc":{"start":{"line":79,"column":21},"end":{"line":79,"column":47}}},"13":{"name":"(anonymous_13)","line":81,"loc":{"start":{"line":81,"column":42},"end":{"line":81,"column":69}}},"14":{"name":"(anonymous_14)","line":91,"loc":{"start":{"line":91,"column":13},"end":{"line":91,"column":28}}},"15":{"name":"(anonymous_15)","line":94,"loc":{"start":{"line":94,"column":21},"end":{"line":94,"column":39}}},"16":{"name":"(anonymous_16)","line":96,"loc":{"start":{"line":96,"column":17},"end":{"line":96,"column":32}}},"17":{"name":"(anonymous_17)","line":100,"loc":{"start":{"line":100,"column":23},"end":{"line":100,"column":34}}},"18":{"name":"(anonymous_18)","line":109,"loc":{"start":{"line":109,"column":11},"end":{"line":109,"column":32}}},"19":{"name":"(anonymous_19)","line":112,"loc":{"start":{"line":112,"column":21},"end":{"line":112,"column":39}}},"20":{"name":"(anonymous_20)","line":114,"loc":{"start":{"line":114,"column":21},"end":{"line":114,"column":49}}},"21":{"name":"(anonymous_21)","line":123,"loc":{"start":{"line":123,"column":34},"end":{"line":123,"column":58}}},"22":{"name":"(anonymous_22)","line":178,"loc":{"start":{"line":178,"column":37},"end":{"line":178,"column":57}}},"23":{"name":"(anonymous_23)","line":193,"loc":{"start":{"line":193,"column":15},"end":{"line":193,"column":46}}},"24":{"name":"(anonymous_24)","line":213,"loc":{"start":{"line":213,"column":15},"end":{"line":213,"column":42}}},"25":{"name":"(anonymous_25)","line":224,"loc":{"start":{"line":224,"column":13},"end":{"line":224,"column":24}}},"26":{"name":"(anonymous_26)","line":227,"loc":{"start":{"line":227,"column":21},"end":{"line":227,"column":47}}},"27":{"name":"(anonymous_27)","line":228,"loc":{"start":{"line":228,"column":92},"end":{"line":228,"column":116}}},"28":{"name":"(anonymous_28)","line":233,"loc":{"start":{"line":233,"column":37},"end":{"line":233,"column":60}}},"29":{"name":"(anonymous_29)","line":247,"loc":{"start":{"line":247,"column":70},"end":{"line":247,"column":91}}},"30":{"name":"(anonymous_30)","line":257,"loc":{"start":{"line":257,"column":17},"end":{"line":257,"column":28}}},"31":{"name":"(anonymous_31)","line":263,"loc":{"start":{"line":263,"column":21},"end":{"line":263,"column":34}}},"32":{"name":"(anonymous_32)","line":273,"loc":{"start":{"line":273,"column":14},"end":{"line":273,"column":30}}},"33":{"name":"(anonymous_33)","line":276,"loc":{"start":{"line":276,"column":29},"end":{"line":276,"column":42}}},"34":{"name":"(anonymous_34)","line":299,"loc":{"start":{"line":299,"column":10},"end":{"line":299,"column":21}}},"35":{"name":"(anonymous_35)","line":311,"loc":{"start":{"line":311,"column":9},"end":{"line":311,"column":20}}},"36":{"name":"(anonymous_36)","line":312,"loc":{"start":{"line":312,"column":42},"end":{"line":312,"column":59}}}},"statementMap":{"1":{"start":{"line":1,"column":0},"end":{"line":6,"column":29}},"2":{"start":{"line":8,"column":0},"end":{"line":15,"column":1}},"3":{"start":{"line":9,"column":1},"end":{"line":9,"column":28}},"4":{"start":{"line":11,"column":1},"end":{"line":14,"column":3}},"5":{"start":{"line":17,"column":0},"end":{"line":321,"column":2}},"6":{"start":{"line":37,"column":2},"end":{"line":37,"column":19}},"7":{"start":{"line":41,"column":2},"end":{"line":41,"column":27}},"8":{"start":{"line":45,"column":2},"end":{"line":45,"column":38}},"9":{"start":{"line":49,"column":2},"end":{"line":49,"column":31}},"10":{"start":{"line":57,"column":2},"end":{"line":57,"column":60}},"11":{"start":{"line":59,"column":2},"end":{"line":59,"column":33}},"12":{"start":{"line":61,"column":2},"end":{"line":70,"column":5}},"13":{"start":{"line":62,"column":3},"end":{"line":69,"column":15}},"14":{"start":{"line":63,"column":4},"end":{"line":68,"column":7}},"15":{"start":{"line":64,"column":5},"end":{"line":65,"column":18}},"16":{"start":{"line":65,"column":6},"end":{"line":65,"column":18}},"17":{"start":{"line":67,"column":5},"end":{"line":67,"column":52}},"18":{"start":{"line":77,"column":2},"end":{"line":77,"column":16}},"19":{"start":{"line":79,"column":2},"end":{"line":88,"column":5}},"20":{"start":{"line":81,"column":3},"end":{"line":86,"column":6}},"21":{"start":{"line":82,"column":4},"end":{"line":83,"column":23}},"22":{"start":{"line":83,"column":5},"end":{"line":83,"column":23}},"23":{"start":{"line":85,"column":4},"end":{"line":85,"column":19}},"24":{"start":{"line":92,"column":2},"end":{"line":92,"column":24}},"25":{"start":{"line":94,"column":2},"end":{"line":103,"column":5}},"26":{"start":{"line":96,"column":3},"end":{"line":98,"column":6}},"27":{"start":{"line":97,"column":4},"end":{"line":97,"column":69}},"28":{"start":{"line":100,"column":3},"end":{"line":102,"column":6}},"29":{"start":{"line":101,"column":4},"end":{"line":101,"column":14}},"30":{"start":{"line":110,"column":2},"end":{"line":110,"column":88}},"31":{"start":{"line":112,"column":2},"end":{"line":187,"column":5}},"32":{"start":{"line":114,"column":3},"end":{"line":186,"column":6}},"33":{"start":{"line":116,"column":4},"end":{"line":117,"column":17}},"34":{"start":{"line":117,"column":5},"end":{"line":117,"column":17}},"35":{"start":{"line":119,"column":4},"end":{"line":120,"column":22}},"36":{"start":{"line":120,"column":5},"end":{"line":120,"column":22}},"37":{"start":{"line":123,"column":4},"end":{"line":184,"column":7}},"38":{"start":{"line":125,"column":5},"end":{"line":126,"column":20}},"39":{"start":{"line":126,"column":6},"end":{"line":126,"column":20}},"40":{"start":{"line":129,"column":5},"end":{"line":129,"column":47}},"41":{"start":{"line":130,"column":5},"end":{"line":130,"column":36}},"42":{"start":{"line":131,"column":5},"end":{"line":131,"column":63}},"43":{"start":{"line":132,"column":5},"end":{"line":132,"column":31}},"44":{"start":{"line":133,"column":5},"end":{"line":136,"column":12}},"45":{"start":{"line":138,"column":5},"end":{"line":138,"column":98}},"46":{"start":{"line":139,"column":5},"end":{"line":139,"column":51}},"47":{"start":{"line":140,"column":5},"end":{"line":140,"column":49}},"48":{"start":{"line":141,"column":5},"end":{"line":141,"column":72}},"49":{"start":{"line":143,"column":5},"end":{"line":143,"column":68}},"50":{"start":{"line":145,"column":5},"end":{"line":145,"column":48}},"51":{"start":{"line":146,"column":5},"end":{"line":146,"column":110}},"52":{"start":{"line":149,"column":5},"end":{"line":149,"column":56}},"53":{"start":{"line":152,"column":5},"end":{"line":153,"column":27}},"54":{"start":{"line":153,"column":6},"end":{"line":153,"column":27}},"55":{"start":{"line":156,"column":5},"end":{"line":159,"column":60}},"56":{"start":{"line":157,"column":6},"end":{"line":157,"column":60}},"57":{"start":{"line":159,"column":6},"end":{"line":159,"column":60}},"58":{"start":{"line":162,"column":5},"end":{"line":162,"column":102}},"59":{"start":{"line":165,"column":5},"end":{"line":165,"column":93}},"60":{"start":{"line":168,"column":5},"end":{"line":169,"column":32}},"61":{"start":{"line":169,"column":6},"end":{"line":169,"column":32}},"62":{"start":{"line":172,"column":5},"end":{"line":176,"column":9}},"63":{"start":{"line":178,"column":5},"end":{"line":181,"column":8}},"64":{"start":{"line":179,"column":6},"end":{"line":180,"column":24}},"65":{"start":{"line":180,"column":7},"end":{"line":180,"column":24}},"66":{"start":{"line":183,"column":5},"end":{"line":183,"column":15}},"67":{"start":{"line":194,"column":2},"end":{"line":194,"column":43}},"68":{"start":{"line":196,"column":2},"end":{"line":196,"column":82}},"69":{"start":{"line":197,"column":2},"end":{"line":197,"column":90}},"70":{"start":{"line":198,"column":2},"end":{"line":198,"column":83}},"71":{"start":{"line":199,"column":2},"end":{"line":199,"column":55}},"72":{"start":{"line":201,"column":2},"end":{"line":201,"column":59}},"73":{"start":{"line":203,"column":2},"end":{"line":203,"column":70}},"74":{"start":{"line":205,"column":2},"end":{"line":205,"column":36}},"75":{"start":{"line":207,"column":2},"end":{"line":207,"column":21}},"76":{"start":{"line":214,"column":2},"end":{"line":214,"column":43}},"77":{"start":{"line":216,"column":2},"end":{"line":216,"column":56}},"78":{"start":{"line":217,"column":2},"end":{"line":217,"column":70}},"79":{"start":{"line":219,"column":2},"end":{"line":219,"column":36}},"80":{"start":{"line":221,"column":2},"end":{"line":221,"column":21}},"81":{"start":{"line":225,"column":2},"end":{"line":225,"column":16}},"82":{"start":{"line":227,"column":2},"end":{"line":254,"column":5}},"83":{"start":{"line":228,"column":3},"end":{"line":253,"column":6}},"84":{"start":{"line":230,"column":4},"end":{"line":231,"column":19}},"85":{"start":{"line":231,"column":5},"end":{"line":231,"column":19}},"86":{"start":{"line":233,"column":4},"end":{"line":235,"column":7}},"87":{"start":{"line":234,"column":5},"end":{"line":234,"column":52}},"88":{"start":{"line":237,"column":4},"end":{"line":243,"column":8}},"89":{"start":{"line":245,"column":4},"end":{"line":245,"column":50}},"90":{"start":{"line":247,"column":4},"end":{"line":250,"column":7}},"91":{"start":{"line":248,"column":5},"end":{"line":249,"column":23}},"92":{"start":{"line":249,"column":6},"end":{"line":249,"column":23}},"93":{"start":{"line":252,"column":4},"end":{"line":252,"column":14}},"94":{"start":{"line":258,"column":2},"end":{"line":259,"column":8}},"95":{"start":{"line":261,"column":2},"end":{"line":261,"column":43}},"96":{"start":{"line":263,"column":2},"end":{"line":270,"column":5}},"97":{"start":{"line":264,"column":3},"end":{"line":264,"column":38}},"98":{"start":{"line":265,"column":3},"end":{"line":265,"column":46}},"99":{"start":{"line":267,"column":3},"end":{"line":269,"column":4}},"100":{"start":{"line":268,"column":4},"end":{"line":268,"column":133}},"101":{"start":{"line":274,"column":2},"end":{"line":274,"column":36}},"102":{"start":{"line":276,"column":2},"end":{"line":278,"column":5}},"103":{"start":{"line":277,"column":3},"end":{"line":277,"column":29}},"104":{"start":{"line":280,"column":2},"end":{"line":294,"column":3}},"105":{"start":{"line":281,"column":3},"end":{"line":281,"column":37}},"106":{"start":{"line":283,"column":3},"end":{"line":283,"column":17}},"107":{"start":{"line":284,"column":3},"end":{"line":284,"column":24}},"108":{"start":{"line":285,"column":3},"end":{"line":285,"column":47}},"109":{"start":{"line":287,"column":3},"end":{"line":287,"column":44}},"110":{"start":{"line":289,"column":3},"end":{"line":290,"column":137}},"111":{"start":{"line":290,"column":4},"end":{"line":290,"column":137}},"112":{"start":{"line":293,"column":3},"end":{"line":293,"column":22}},"113":{"start":{"line":296,"column":2},"end":{"line":296,"column":16}},"114":{"start":{"line":300,"column":2},"end":{"line":300,"column":16}},"115":{"start":{"line":302,"column":2},"end":{"line":302,"column":21}},"116":{"start":{"line":304,"column":2},"end":{"line":304,"column":41}},"117":{"start":{"line":306,"column":2},"end":{"line":306,"column":50}},"118":{"start":{"line":308,"column":2},"end":{"line":319,"column":23}},"119":{"start":{"line":312,"column":4},"end":{"line":317,"column":7}},"120":{"start":{"line":313,"column":5},"end":{"line":316,"column":7}},"121":{"start":{"line":323,"column":0},"end":{"line":323,"column":25}}},"branchMap":{"1":{"line":9,"type":"binary-expr","locations":[{"start":{"line":9,"column":15},"end":{"line":9,"column":21}},{"start":{"line":9,"column":25},"end":{"line":9,"column":27}}]},"2":{"line":64,"type":"if","locations":[{"start":{"line":64,"column":5},"end":{"line":64,"column":5}},{"start":{"line":64,"column":5},"end":{"line":64,"column":5}}]},"3":{"line":82,"type":"if","locations":[{"start":{"line":82,"column":4},"end":{"line":82,"column":4}},{"start":{"line":82,"column":4},"end":{"line":82,"column":4}}]},"4":{"line":116,"type":"if","locations":[{"start":{"line":116,"column":4},"end":{"line":116,"column":4}},{"start":{"line":116,"column":4},"end":{"line":116,"column":4}}]},"5":{"line":119,"type":"if","locations":[{"start":{"line":119,"column":4},"end":{"line":119,"column":4}},{"start":{"line":119,"column":4},"end":{"line":119,"column":4}}]},"6":{"line":125,"type":"if","locations":[{"start":{"line":125,"column":5},"end":{"line":125,"column":5}},{"start":{"line":125,"column":5},"end":{"line":125,"column":5}}]},"7":{"line":131,"type":"binary-expr","locations":[{"start":{"line":131,"column":17},"end":{"line":131,"column":43}},{"start":{"line":131,"column":47},"end":{"line":131,"column":62}}]},"8":{"line":134,"type":"cond-expr","locations":[{"start":{"line":134,"column":30},"end":{"line":134,"column":35}},{"start":{"line":134,"column":38},"end":{"line":134,"column":52}}]},"9":{"line":138,"type":"cond-expr","locations":[{"start":{"line":138,"column":35},"end":{"line":138,"column":86}},{"start":{"line":138,"column":89},"end":{"line":138,"column":97}}]},"10":{"line":146,"type":"cond-expr","locations":[{"start":{"line":146,"column":40},"end":{"line":146,"column":71}},{"start":{"line":146,"column":74},"end":{"line":146,"column":109}}]},"11":{"line":152,"type":"if","locations":[{"start":{"line":152,"column":5},"end":{"line":152,"column":5}},{"start":{"line":152,"column":5},"end":{"line":152,"column":5}}]},"12":{"line":156,"type":"if","locations":[{"start":{"line":156,"column":5},"end":{"line":156,"column":5}},{"start":{"line":156,"column":5},"end":{"line":156,"column":5}}]},"13":{"line":165,"type":"cond-expr","locations":[{"start":{"line":165,"column":50},"end":{"line":165,"column":57}},{"start":{"line":165,"column":60},"end":{"line":165,"column":62}}]},"14":{"line":168,"type":"if","locations":[{"start":{"line":168,"column":5},"end":{"line":168,"column":5}},{"start":{"line":168,"column":5},"end":{"line":168,"column":5}}]},"15":{"line":168,"type":"binary-expr","locations":[{"start":{"line":168,"column":9},"end":{"line":168,"column":16}},{"start":{"line":168,"column":20},"end":{"line":168,"column":28}}]},"16":{"line":172,"type":"cond-expr","locations":[{"start":{"line":172,"column":26},"end":{"line":172,"column":43}},{"start":{"line":172,"column":46},"end":{"line":172,"column":75}}]},"17":{"line":179,"type":"if","locations":[{"start":{"line":179,"column":6},"end":{"line":179,"column":6}},{"start":{"line":179,"column":6},"end":{"line":179,"column":6}}]},"18":{"line":230,"type":"if","locations":[{"start":{"line":230,"column":4},"end":{"line":230,"column":4}},{"start":{"line":230,"column":4},"end":{"line":230,"column":4}}]},"19":{"line":248,"type":"if","locations":[{"start":{"line":248,"column":5},"end":{"line":248,"column":5}},{"start":{"line":248,"column":5},"end":{"line":248,"column":5}}]},"20":{"line":261,"type":"binary-expr","locations":[{"start":{"line":261,"column":15},"end":{"line":261,"column":36}},{"start":{"line":261,"column":40},"end":{"line":261,"column":42}}]},"21":{"line":280,"type":"if","locations":[{"start":{"line":280,"column":2},"end":{"line":280,"column":2}},{"start":{"line":280,"column":2},"end":{"line":280,"column":2}}]},"22":{"line":285,"type":"binary-expr","locations":[{"start":{"line":285,"column":18},"end":{"line":285,"column":37}},{"start":{"line":285,"column":41},"end":{"line":285,"column":46}}]}}},"/home/renie/PicanhaLabs/PicanhaJS/bin/utils.js":{"path":"/home/renie/PicanhaLabs/PicanhaJS/bin/utils.js","s":{"1":1,"2":1,"3":1,"4":1,"5":1,"6":0,"7":1,"8":1,"9":1,"10":1,"11":1,"12":0,"13":1,"14":3,"15":3,"16":3,"17":0,"18":3,"19":1,"20":1,"21":1,"22":2,"23":2,"24":2,"25":2,"26":1,"27":3,"28":3,"29":5,"30":3,"31":1,"32":4,"33":6,"34":1,"35":5,"36":4,"37":1,"38":1,"39":0,"40":0,"41":0,"42":0,"43":0,"44":0,"45":0,"46":0,"47":1,"48":0,"49":0,"50":0,"51":0,"52":0,"53":0,"54":0,"55":1},"b":{"1":[0,1],"2":[0,1],"3":[0,3],"4":[2,0],"5":[8,0],"6":[1,5],"7":[6,1],"8":[0,0],"9":[0,0],"10":[0,0],"11":[0,0]},"f":{"1":1,"2":1,"3":1,"4":1,"5":1,"6":3,"7":3,"8":1,"9":2,"10":3,"11":4,"12":0,"13":0,"14":0},"fnMap":{"1":{"name":"(anonymous_1)","line":12,"loc":{"start":{"line":12,"column":24},"end":{"line":12,"column":45}}},"2":{"name":"(anonymous_2)","line":13,"loc":{"start":{"line":13,"column":20},"end":{"line":13,"column":38}}},"3":{"name":"(anonymous_3)","line":14,"loc":{"start":{"line":14,"column":17},"end":{"line":14,"column":33}}},"4":{"name":"(anonymous_4)","line":26,"loc":{"start":{"line":26,"column":27},"end":{"line":26,"column":57}}},"5":{"name":"(anonymous_5)","line":29,"loc":{"start":{"line":29,"column":21},"end":{"line":29,"column":47}}},"6":{"name":"(anonymous_6)","line":34,"loc":{"start":{"line":34,"column":16},"end":{"line":34,"column":31}}},"7":{"name":"(anonymous_7)","line":38,"loc":{"start":{"line":38,"column":33},"end":{"line":38,"column":56}}},"8":{"name":"(anonymous_8)","line":53,"loc":{"start":{"line":53,"column":26},"end":{"line":53,"column":44}}},"9":{"name":"(anonymous_9)","line":57,"loc":{"start":{"line":57,"column":15},"end":{"line":57,"column":26}}},"10":{"name":"(anonymous_10)","line":73,"loc":{"start":{"line":73,"column":22},"end":{"line":73,"column":42}}},"11":{"name":"extend","line":81,"loc":{"start":{"line":81,"column":0},"end":{"line":81,"column":41}}},"12":{"name":"(anonymous_12)","line":96,"loc":{"start":{"line":96,"column":21},"end":{"line":96,"column":36}}},"13":{"name":"deleteFolderRecursive","line":119,"loc":{"start":{"line":119,"column":0},"end":{"line":119,"column":37}}},"14":{"name":"(anonymous_14)","line":122,"loc":{"start":{"line":122,"column":31},"end":{"line":122,"column":53}}}},"statementMap":{"1":{"start":{"line":1,"column":0},"end":{"line":4,"column":24}},"2":{"start":{"line":12,"column":0},"end":{"line":21,"column":2}},"3":{"start":{"line":13,"column":1},"end":{"line":20,"column":4}},"4":{"start":{"line":14,"column":2},"end":{"line":19,"column":5}},"5":{"start":{"line":15,"column":3},"end":{"line":16,"column":16}},"6":{"start":{"line":16,"column":4},"end":{"line":16,"column":16}},"7":{"start":{"line":18,"column":3},"end":{"line":18,"column":17}},"8":{"start":{"line":26,"column":0},"end":{"line":48,"column":2}},"9":{"start":{"line":27,"column":1},"end":{"line":27,"column":14}},"10":{"start":{"line":29,"column":1},"end":{"line":47,"column":4}},"11":{"start":{"line":31,"column":2},"end":{"line":32,"column":15}},"12":{"start":{"line":32,"column":3},"end":{"line":32,"column":15}},"13":{"start":{"line":34,"column":2},"end":{"line":45,"column":5}},"14":{"start":{"line":36,"column":3},"end":{"line":36,"column":39}},"15":{"start":{"line":38,"column":3},"end":{"line":43,"column":6}},"16":{"start":{"line":39,"column":4},"end":{"line":40,"column":19}},"17":{"start":{"line":40,"column":5},"end":{"line":40,"column":19}},"18":{"start":{"line":42,"column":4},"end":{"line":42,"column":75}},"19":{"start":{"line":53,"column":0},"end":{"line":68,"column":2}},"20":{"start":{"line":55,"column":1},"end":{"line":55,"column":59}},"21":{"start":{"line":57,"column":1},"end":{"line":66,"column":4}},"22":{"start":{"line":59,"column":2},"end":{"line":59,"column":34}},"23":{"start":{"line":60,"column":2},"end":{"line":60,"column":34}},"24":{"start":{"line":62,"column":2},"end":{"line":64,"column":3}},"25":{"start":{"line":63,"column":3},"end":{"line":63,"column":27}},"26":{"start":{"line":73,"column":0},"end":{"line":79,"column":2}},"27":{"start":{"line":74,"column":1},"end":{"line":74,"column":21}},"28":{"start":{"line":75,"column":1},"end":{"line":76,"column":14}},"29":{"start":{"line":76,"column":2},"end":{"line":76,"column":14}},"30":{"start":{"line":78,"column":1},"end":{"line":78,"column":10}},"31":{"start":{"line":81,"column":0},"end":{"line":92,"column":1}},"32":{"start":{"line":83,"column":1},"end":{"line":89,"column":2}},"33":{"start":{"line":84,"column":2},"end":{"line":88,"column":39}},"34":{"start":{"line":86,"column":3},"end":{"line":86,"column":64}},"35":{"start":{"line":88,"column":3},"end":{"line":88,"column":39}},"36":{"start":{"line":91,"column":1},"end":{"line":91,"column":18}},"37":{"start":{"line":94,"column":0},"end":{"line":94,"column":24}},"38":{"start":{"line":96,"column":0},"end":{"line":117,"column":1}},"39":{"start":{"line":97,"column":1},"end":{"line":102,"column":3}},"40":{"start":{"line":104,"column":1},"end":{"line":107,"column":40}},"41":{"start":{"line":109,"column":1},"end":{"line":114,"column":26}},"42":{"start":{"line":110,"column":2},"end":{"line":110,"column":26}},"43":{"start":{"line":111,"column":6},"end":{"line":114,"column":26}},"44":{"start":{"line":112,"column":2},"end":{"line":112,"column":26}},"45":{"start":{"line":114,"column":2},"end":{"line":114,"column":26}},"46":{"start":{"line":116,"column":1},"end":{"line":116,"column":64}},"47":{"start":{"line":119,"column":0},"end":{"line":133,"column":1}},"48":{"start":{"line":120,"column":1},"end":{"line":132,"column":2}},"49":{"start":{"line":122,"column":2},"end":{"line":129,"column":5}},"50":{"start":{"line":123,"column":3},"end":{"line":123,"column":35}},"51":{"start":{"line":125,"column":3},"end":{"line":128,"column":27}},"52":{"start":{"line":126,"column":4},"end":{"line":126,"column":35}},"53":{"start":{"line":128,"column":4},"end":{"line":128,"column":27}},"54":{"start":{"line":131,"column":2},"end":{"line":131,"column":21}},"55":{"start":{"line":135,"column":0},"end":{"line":135,"column":54}}},"branchMap":{"1":{"line":15,"type":"if","locations":[{"start":{"line":15,"column":3},"end":{"line":15,"column":3}},{"start":{"line":15,"column":3},"end":{"line":15,"column":3}}]},"2":{"line":31,"type":"if","locations":[{"start":{"line":31,"column":2},"end":{"line":31,"column":2}},{"start":{"line":31,"column":2},"end":{"line":31,"column":2}}]},"3":{"line":39,"type":"if","locations":[{"start":{"line":39,"column":4},"end":{"line":39,"column":4}},{"start":{"line":39,"column":4},"end":{"line":39,"column":4}}]},"4":{"line":62,"type":"if","locations":[{"start":{"line":62,"column":2},"end":{"line":62,"column":2}},{"start":{"line":62,"column":2},"end":{"line":62,"column":2}}]},"5":{"line":75,"type":"binary-expr","locations":[{"start":{"line":75,"column":20},"end":{"line":75,"column":24}},{"start":{"line":75,"column":28},"end":{"line":75,"column":29}}]},"6":{"line":84,"type":"if","locations":[{"start":{"line":84,"column":2},"end":{"line":84,"column":2}},{"start":{"line":84,"column":2},"end":{"line":84,"column":2}}]},"7":{"line":84,"type":"binary-expr","locations":[{"start":{"line":84,"column":6},"end":{"line":84,"column":74}},{"start":{"line":85,"column":6},"end":{"line":85,"column":37}}]},"8":{"line":109,"type":"if","locations":[{"start":{"line":109,"column":1},"end":{"line":109,"column":1}},{"start":{"line":109,"column":1},"end":{"line":109,"column":1}}]},"9":{"line":111,"type":"if","locations":[{"start":{"line":111,"column":6},"end":{"line":111,"column":6}},{"start":{"line":111,"column":6},"end":{"line":111,"column":6}}]},"10":{"line":120,"type":"if","locations":[{"start":{"line":120,"column":1},"end":{"line":120,"column":1}},{"start":{"line":120,"column":1},"end":{"line":120,"column":1}}]},"11":{"line":125,"type":"if","locations":[{"start":{"line":125,"column":3},"end":{"line":125,"column":3}},{"start":{"line":125,"column":3},"end":{"line":125,"column":3}}]}}},"/home/renie/PicanhaLabs/PicanhaJS/bin/creator.js":{"path":"/home/renie/PicanhaLabs/PicanhaJS/bin/creator.js","s":{"1":1,"2":1,"3":3,"4":3,"5":1,"6":3,"7":1,"8":1,"9":0,"10":1,"11":2,"12":1,"13":1,"14":0,"15":1},"b":{"1":[3,0],"2":[0,1],"3":[0,1]},"f":{"1":3,"2":3,"3":1,"4":2,"5":1},"fnMap":{"1":{"name":"Creator","line":4,"loc":{"start":{"line":4,"column":0},"end":{"line":4,"column":27}}},"2":{"name":"(anonymous_2)","line":18,"loc":{"start":{"line":18,"column":11},"end":{"line":18,"column":14}}},"3":{"name":"(anonymous_3)","line":25,"loc":{"start":{"line":25,"column":9},"end":{"line":25,"column":37}}},"4":{"name":"(anonymous_4)","line":31,"loc":{"start":{"line":31,"column":20},"end":{"line":31,"column":38}}},"5":{"name":"(anonymous_5)","line":35,"loc":{"start":{"line":35,"column":29},"end":{"line":35,"column":40}}}},"statementMap":{"1":{"start":{"line":1,"column":0},"end":{"line":2,"column":26}},"2":{"start":{"line":4,"column":0},"end":{"line":11,"column":1}},"3":{"start":{"line":5,"column":1},"end":{"line":5,"column":28}},"4":{"start":{"line":7,"column":1},"end":{"line":10,"column":3}},"5":{"start":{"line":13,"column":0},"end":{"line":40,"column":2}},"6":{"start":{"line":19,"column":2},"end":{"line":19,"column":36}},"7":{"start":{"line":26,"column":2},"end":{"line":26,"column":31}},"8":{"start":{"line":28,"column":2},"end":{"line":29,"column":52}},"9":{"start":{"line":29,"column":3},"end":{"line":29,"column":52}},"10":{"start":{"line":31,"column":2},"end":{"line":33,"column":5}},"11":{"start":{"line":32,"column":3},"end":{"line":32,"column":95}},"12":{"start":{"line":35,"column":2},"end":{"line":38,"column":5}},"13":{"start":{"line":36,"column":3},"end":{"line":37,"column":57}},"14":{"start":{"line":37,"column":4},"end":{"line":37,"column":57}},"15":{"start":{"line":42,"column":0},"end":{"line":42,"column":25}}},"branchMap":{"1":{"line":5,"type":"binary-expr","locations":[{"start":{"line":5,"column":15},"end":{"line":5,"column":21}},{"start":{"line":5,"column":25},"end":{"line":5,"column":27}}]},"2":{"line":28,"type":"if","locations":[{"start":{"line":28,"column":2},"end":{"line":28,"column":2}},{"start":{"line":28,"column":2},"end":{"line":28,"column":2}}]},"3":{"line":36,"type":"if","locations":[{"start":{"line":36,"column":3},"end":{"line":36,"column":3}},{"start":{"line":36,"column":3},"end":{"line":36,"column":3}}]}}}}