TN:
SF:C:\Projects\PicanhaJS\bin\utils.js
FN:12,(anonymous_1)
FN:13,(anonymous_2)
FN:14,(anonymous_3)
FN:28,(anonymous_4)
FN:31,(anonymous_5)
FN:36,(anonymous_6)
FN:40,(anonymous_7)
FN:55,(anonymous_8)
FN:59,(anonymous_9)
FN:75,(anonymous_10)
FN:83,extend
FN:98,(anonymous_12)
FN:121,deleteFolderRecursive
FN:124,(anonymous_14)
FNF:14
FNH:14
FNDA:2,(anonymous_1)
FNDA:2,(anonymous_2)
FNDA:2,(anonymous_3)
FNDA:2,(anonymous_4)
FNDA:2,(anonymous_5)
FNDA:5,(anonymous_6)
FNDA:5,(anonymous_7)
FNDA:6,(anonymous_8)
FNDA:24,(anonymous_9)
FNDA:9,(anonymous_10)
FNDA:8,extend
FNDA:7,(anonymous_12)
FNDA:18,deleteFolderRecursive
FNDA:22,(anonymous_14)
DA:1,1
DA:12,1
DA:13,2
DA:14,2
DA:15,2
DA:16,1
DA:17,1
DA:20,1
DA:28,1
DA:29,2
DA:31,2
DA:33,2
DA:34,0
DA:36,2
DA:38,5
DA:40,5
DA:41,5
DA:42,0
DA:44,5
DA:55,1
DA:57,6
DA:59,6
DA:61,24
DA:62,24
DA:64,24
DA:65,15
DA:75,1
DA:76,9
DA:77,9
DA:78,7
DA:80,9
DA:83,1
DA:85,8
DA:86,10
DA:88,1
DA:90,9
DA:93,8
DA:96,1
DA:98,1
DA:99,7
DA:106,7
DA:111,7
DA:112,1
DA:113,6
DA:114,1
DA:116,5
DA:118,7
DA:121,1
DA:122,18
DA:124,18
DA:125,22
DA:127,22
DA:128,15
DA:130,7
DA:133,18
DA:137,1
LF:56
LH:54
BRDA:15,1,0,1
BRDA:15,1,1,1
BRDA:33,2,0,0
BRDA:33,2,1,2
BRDA:41,3,0,0
BRDA:41,3,1,5
BRDA:64,4,0,15
BRDA:64,4,1,9
BRDA:77,5,0,16
BRDA:77,5,1,0
BRDA:86,6,0,1
BRDA:86,6,1,9
BRDA:86,7,0,10
BRDA:86,7,1,1
BRDA:111,8,0,1
BRDA:111,8,1,6
BRDA:113,9,0,1
BRDA:113,9,1,5
BRDA:122,10,0,18
BRDA:122,10,1,0
BRDA:127,11,0,15
BRDA:127,11,1,7
BRF:22
BRH:18
end_of_record
TN:
SF:C:\Projects\PicanhaJS\bin\builder.js
FN:8,Builder
FN:33,(anonymous_2)
FN:42,(anonymous_3)
FN:46,(anonymous_4)
FN:50,(anonymous_5)
FN:54,(anonymous_6)
FN:58,(anonymous_7)
FN:66,(anonymous_8)
FN:71,(anonymous_9)
FN:79,(anonymous_10)
FN:82,(anonymous_11)
FN:93,(anonymous_12)
FN:96,(anonymous_13)
FN:98,(anonymous_14)
FN:108,(anonymous_15)
FN:111,(anonymous_16)
FN:118,(anonymous_17)
FN:139,(anonymous_18)
FN:142,(anonymous_19)
FN:144,(anonymous_20)
FN:154,(anonymous_21)
FN:218,(anonymous_22)
FN:219,(anonymous_23)
FN:220,(anonymous_24)
FN:234,(anonymous_25)
FN:254,(anonymous_26)
FN:265,(anonymous_27)
FN:269,(anonymous_28)
FN:272,(anonymous_29)
FN:273,(anonymous_30)
FN:291,(anonymous_31)
FN:303,(anonymous_32)
FN:309,(anonymous_33)
FN:319,(anonymous_34)
FN:322,(anonymous_35)
FN:345,(anonymous_36)
FN:362,(anonymous_37)
FN:365,(anonymous_38)
FN:375,(anonymous_39)
FN:378,(anonymous_40)
FN:381,(anonymous_41)
FNF:41
FNH:41
FNDA:4,Builder
FNDA:1,(anonymous_2)
FNDA:3,(anonymous_3)
FNDA:3,(anonymous_4)
FNDA:3,(anonymous_5)
FNDA:2,(anonymous_6)
FNDA:2,(anonymous_7)
FNDA:2,(anonymous_8)
FNDA:4,(anonymous_9)
FNDA:5,(anonymous_10)
FNDA:5,(anonymous_11)
FNDA:2,(anonymous_12)
FNDA:2,(anonymous_13)
FNDA:2,(anonymous_14)
FNDA:1,(anonymous_15)
FNDA:3,(anonymous_16)
FNDA:4,(anonymous_17)
FNDA:6,(anonymous_18)
FNDA:6,(anonymous_19)
FNDA:6,(anonymous_20)
FNDA:4,(anonymous_21)
FNDA:4,(anonymous_22)
FNDA:4,(anonymous_23)
FNDA:4,(anonymous_24)
FNDA:3,(anonymous_25)
FNDA:2,(anonymous_26)
FNDA:1,(anonymous_27)
FNDA:3,(anonymous_28)
FNDA:3,(anonymous_29)
FNDA:3,(anonymous_30)
FNDA:2,(anonymous_31)
FNDA:4,(anonymous_32)
FNDA:3,(anonymous_33)
FNDA:6,(anonymous_34)
FNDA:6,(anonymous_35)
FNDA:1,(anonymous_36)
FNDA:1,(anonymous_37)
FNDA:3,(anonymous_38)
FNDA:4,(anonymous_39)
FNDA:4,(anonymous_40)
FNDA:4,(anonymous_41)
DA:1,1
DA:8,1
DA:9,4
DA:11,4
DA:16,4
DA:18,4
DA:21,1
DA:43,3
DA:47,3
DA:51,3
DA:55,2
DA:59,2
DA:67,2
DA:69,2
DA:71,2
DA:72,4
DA:80,5
DA:82,5
DA:83,5
DA:84,1
DA:86,4
DA:94,2
DA:96,2
DA:98,2
DA:99,2
DA:100,1
DA:102,2
DA:109,1
DA:111,1
DA:112,3
DA:115,1
DA:119,4
DA:121,4
DA:123,4
DA:124,8
DA:126,4
DA:127,1
DA:128,3
DA:129,3
DA:132,4
DA:133,4
DA:140,6
DA:142,6
DA:144,6
DA:146,6
DA:147,1
DA:149,5
DA:150,1
DA:151,1
DA:154,4
DA:156,4
DA:157,4
DA:158,4
DA:159,4
DA:161,4
DA:163,4
DA:164,4
DA:165,4
DA:166,4
DA:168,4
DA:170,4
DA:171,4
DA:172,3
DA:174,3
DA:177,3
DA:178,1
DA:180,3
DA:182,3
DA:183,2
DA:185,1
DA:187,3
DA:190,3
DA:191,3
DA:194,3
DA:197,3
DA:198,1
DA:200,3
DA:206,3
DA:208,3
DA:219,4
DA:220,4
DA:221,4
DA:222,1
DA:223,1
DA:226,3
DA:235,3
DA:237,3
DA:238,3
DA:239,3
DA:240,3
DA:242,3
DA:244,3
DA:246,3
DA:248,3
DA:255,2
DA:257,2
DA:258,2
DA:260,2
DA:262,2
DA:266,1
DA:270,3
DA:272,3
DA:273,3
DA:275,3
DA:276,1
DA:277,1
DA:280,2
DA:281,2
DA:283,2
DA:289,2
DA:291,2
DA:292,2
DA:293,1
DA:294,1
DA:297,1
DA:304,4
DA:307,4
DA:309,4
DA:310,3
DA:311,3
DA:313,3
DA:314,15
DA:320,6
DA:322,6
DA:323,6
DA:326,6
DA:327,5
DA:329,5
DA:330,5
DA:331,5
DA:333,5
DA:335,5
DA:336,25
DA:339,1
DA:342,6
DA:346,1
DA:348,1
DA:349,1
DA:351,1
DA:353,1
DA:355,1
DA:363,1
DA:365,1
DA:366,3
DA:372,1
DA:376,4
DA:378,4
DA:379,4
DA:382,4
DA:383,1
DA:384,1
DA:387,3
DA:394,1
LF:153
LH:153
BRDA:9,1,0,4
BRDA:9,1,1,1
BRDA:83,2,0,1
BRDA:83,2,1,4
BRDA:99,3,0,1
BRDA:99,3,1,1
BRDA:126,4,0,1
BRDA:126,4,1,3
BRDA:126,5,0,4
BRDA:126,5,1,1
BRDA:128,6,0,3
BRDA:128,6,1,0
BRDA:146,7,0,1
BRDA:146,7,1,5
BRDA:146,8,0,6
BRDA:146,8,1,5
BRDA:149,9,0,1
BRDA:149,9,1,4
BRDA:158,10,0,4
BRDA:158,10,1,4
BRDA:161,11,0,1
BRDA:161,11,1,3
BRDA:163,12,0,2
BRDA:163,12,1,2
BRDA:171,13,0,2
BRDA:171,13,1,2
BRDA:177,14,0,1
BRDA:177,14,1,2
BRDA:182,15,0,2
BRDA:182,15,1,1
BRDA:190,16,0,3
BRDA:190,16,1,0
BRDA:194,17,0,1
BRDA:194,17,1,2
BRDA:197,18,0,1
BRDA:197,18,1,2
BRDA:197,19,0,3
BRDA:197,19,1,2
BRDA:200,20,0,2
BRDA:200,20,1,1
BRDA:221,21,0,1
BRDA:221,21,1,3
BRDA:275,22,0,1
BRDA:275,22,1,2
BRDA:292,23,0,1
BRDA:292,23,1,1
BRDA:307,24,0,4
BRDA:307,24,1,1
BRDA:326,25,0,5
BRDA:326,25,1,1
BRDA:382,26,0,1
BRDA:382,26,1,3
BRF:52
BRH:50
end_of_record
TN:
SF:C:\Projects\PicanhaJS\bin\creator.js
FN:4,Creator
FN:18,(anonymous_2)
FN:27,(anonymous_3)
FN:33,(anonymous_4)
FN:37,(anonymous_5)
FNF:5
FNH:5
FNDA:4,Creator
FNDA:4,(anonymous_2)
FNDA:2,(anonymous_3)
FNDA:4,(anonymous_4)
FNDA:2,(anonymous_5)
DA:1,1
DA:4,1
DA:5,4
DA:7,4
DA:13,1
DA:19,4
DA:28,2
DA:30,2
DA:31,1
DA:33,2
DA:34,4
DA:37,2
DA:38,2
DA:39,1
DA:44,1
LF:15
LH:15
BRDA:5,1,0,4
BRDA:5,1,1,0
BRDA:30,2,0,1
BRDA:30,2,1,1
BRDA:38,3,0,1
BRDA:38,3,1,1
BRF:6
BRH:5
end_of_record
