TN:
SF:C:\Projects\Static\bin\creator.js
FN:4,Creator
FN:18,(anonymous_2)
FN:25,(anonymous_3)
FN:31,(anonymous_4)
FN:35,(anonymous_5)
FNF:5
FNH:5
FNDA:3,Creator
FNDA:3,(anonymous_2)
FNDA:1,(anonymous_3)
FNDA:2,(anonymous_4)
FNDA:1,(anonymous_5)
DA:1,1
DA:4,1
DA:5,3
DA:7,3
DA:13,1
DA:19,3
DA:26,1
DA:28,1
DA:29,0
DA:31,1
DA:32,2
DA:35,1
DA:36,1
DA:37,0
DA:42,1
LF:15
LH:13
BRDA:5,1,0,3
BRDA:5,1,1,0
BRDA:28,2,0,0
BRDA:28,2,1,1
BRDA:36,3,0,0
BRDA:36,3,1,1
BRF:6
BRH:3
end_of_record
TN:
SF:C:\Projects\Static\bin\utils.js
FN:12,(anonymous_1)
FN:13,(anonymous_2)
FN:14,(anonymous_3)
FN:26,(anonymous_4)
FN:29,(anonymous_5)
FN:34,(anonymous_6)
FN:38,(anonymous_7)
FN:53,(anonymous_8)
FN:57,(anonymous_9)
FN:73,(anonymous_10)
FN:81,extend
FNF:11
FNH:11
FNDA:1,(anonymous_1)
FNDA:1,(anonymous_2)
FNDA:1,(anonymous_3)
FNDA:1,(anonymous_4)
FNDA:1,(anonymous_5)
FNDA:2,(anonymous_6)
FNDA:2,(anonymous_7)
FNDA:1,(anonymous_8)
FNDA:2,(anonymous_9)
FNDA:3,(anonymous_10)
FNDA:4,extend
DA:1,1
DA:12,1
DA:13,1
DA:14,1
DA:15,1
DA:16,0
DA:18,1
DA:26,1
DA:27,1
DA:29,1
DA:31,1
DA:32,0
DA:34,1
DA:36,2
DA:38,2
DA:39,2
DA:40,0
DA:42,2
DA:53,1
DA:55,1
DA:57,1
DA:59,2
DA:60,2
DA:62,2
DA:63,2
DA:73,1
DA:74,3
DA:75,3
DA:76,5
DA:78,3
DA:81,1
DA:83,4
DA:84,6
DA:86,1
DA:88,5
DA:91,4
DA:94,1
LF:37
LH:34
BRDA:15,1,0,0
BRDA:15,1,1,1
BRDA:31,2,0,0
BRDA:31,2,1,1
BRDA:39,3,0,0
BRDA:39,3,1,2
BRDA:62,4,0,2
BRDA:62,4,1,0
BRDA:75,5,0,8
BRDA:75,5,1,0
BRDA:84,6,0,1
BRDA:84,6,1,5
BRDA:84,7,0,6
BRDA:84,7,1,1
BRF:14
BRH:9
end_of_record
